c:\users\ben\source\repos\420lab2\420lab2\x64\debug\vc142.pdb
c:\users\ben\source\repos\420lab2\420lab2\x64\debug\vc142.idb
c:\users\ben\source\repos\420lab2\420lab2\x64\debug\test_equality.obj
c:\users\ben\source\repos\420lab2\x64\debug\convolution.lib
c:\users\ben\source\repos\420lab2\x64\debug\convolution.exp
x64\debug\convolve.cu.obj
x64\debug\lodepng.cu.obj
c:\users\ben\source\repos\420lab2\x64\debug\convolution.exe
c:\users\ben\source\repos\420lab2\x64\debug\convolution.ilk
c:\users\ben\source\repos\420lab2\x64\debug\convolution.pdb
c:\users\ben\source\repos\420lab2\420lab2\x64\debug\convolve.cu.cache
c:\users\ben\source\repos\420lab2\420lab2\x64\debug\lodepng.cu.cache
c:\users\ben\source\repos\420lab2\420lab2\x64\debug\convolve.cu.obj
c:\users\ben\source\repos\420lab2\420lab2\x64\debug\lodepng.cu.obj
c:\users\ben\source\repos\420lab2\420lab2\x64\debug\convolution.tlog\cl.command.1.tlog
c:\users\ben\source\repos\420lab2\420lab2\x64\debug\convolution.tlog\cl.read.1.tlog
c:\users\ben\source\repos\420lab2\420lab2\x64\debug\convolution.tlog\cl.write.1.tlog
c:\users\ben\source\repos\420lab2\420lab2\x64\debug\convolution.tlog\convolution.write.1u.tlog
c:\users\ben\source\repos\420lab2\420lab2\x64\debug\convolution.tlog\cudacompile.read.1u.tlog
c:\users\ben\source\repos\420lab2\420lab2\x64\debug\convolution.tlog\cudacompile.write.1u.tlog
c:\users\ben\source\repos\420lab2\420lab2\x64\debug\convolution.tlog\link.command.1.tlog
c:\users\ben\source\repos\420lab2\420lab2\x64\debug\convolution.tlog\link.read.1.tlog
c:\users\ben\source\repos\420lab2\420lab2\x64\debug\convolution.tlog\link.write.1.tlog
